uuid ( RO)                          : 7ecfcb5b-b806-ba40-714a-2f7d29ef65f5
                    name-label ( RW): Ubuntu Lucid Lynx 10.04 (64-bit)
              name-description ( RW): Template that allows VM installation from Xen-aware Debian-based distros. To use this template from the CLI, install your VM using vm-install, then set other-config-install-repository to the path to your network repository, e.g. http://<server>/<path>
                  user-version ( RW): 1
                 is-a-template ( RW): true
                 is-a-snapshot ( RO): false
                   snapshot-of ( RO): <not in database>
                     snapshots ( RO): 
                 snapshot-time ( RO): 19700101T00:00:00Z
                 snapshot-info ( RO): 
                        parent ( RO): <not in database>
                      children ( RO): 
             is-control-domain ( RO): false
                   power-state ( RO): halted
                 memory-actual ( RO): 0
                 memory-target ( RO): 0
               memory-overhead ( RO): 4194304
             memory-static-max ( RW): 268435456
            memory-dynamic-max ( RW): 268435456
            memory-dynamic-min ( RW): 268435456
             memory-static-min ( RW): 134217728
              suspend-VDI-uuid ( RW): <not in database>
               suspend-SR-uuid ( RW): <not in database>
                  VCPUs-params (MRW): 
                     VCPUs-max ( RW): 1
              VCPUs-at-startup ( RW): 1
        actions-after-shutdown ( RW): Destroy
          actions-after-reboot ( RW): Restart
           actions-after-crash ( RW): Restart
                 console-uuids (SRO): 
                      platform (MRW): nx: false; acpi: true; apic: true; pae: true; viridian: true
            allowed-operations (SRO): changing_dynamic_range; changing_static_range; provision; export; clone; copy
            current-operations (SRO): 
            blocked-operations (MRW): 
           allowed-VBD-devices (SRO): 0; 1; 2; 3
           allowed-VIF-devices (SRO): 0; 1; 2; 3
                possible-hosts ( RO): 44444f28-3e86-427a-86a8-85d7effda04e
               HVM-boot-policy ( RW): BIOS order
               HVM-boot-params (MRW): 
         HVM-shadow-multiplier ( RW): 1.000
                     PV-kernel ( RW): 
                    PV-ramdisk ( RW): 
                       PV-args ( RW): -- quiet console=hvc0
                PV-legacy-args ( RW): 
                 PV-bootloader ( RW): eliloader
            PV-bootloader-args ( RW): 
           last-boot-CPU-flags ( RO): 
              last-boot-record ( RO): ''
                   resident-on ( RO): <not in database>
                      affinity ( RW): <not in database>
                  other-config (MRW): mac_seed: 2e282c6f-4dc0-5c14-10cc-238c13f83d0e; default_template: true; linux_template: true; install-methods: http,ftp; install-arch: amd64; debian-release: lucid; disks: <provision><disk device="0" size="8589934592" sr="" bootable="true" type="system"/></provision>; install-distro: debianlike
                        dom-id ( RO): -1
               recommendations ( RO): <restrictions><restriction field="memory-static-max" max="34359738368" /><restriction field="vcpus-max" max="16" /><restriction property="number-of-vbds" max="7" /><restriction property="number-of-vifs" max="7" /></restrictions>
                 xenstore-data (MRW): 
    ha-always-run ( RW) [DEPRECATED]: false
           ha-restart-priority ( RW): 
                         blobs ( RO): 
                    start-time ( RO): 19700101T00:00:00Z
                  install-time ( RO): 19700101T00:00:00Z
                  VCPUs-number ( RO): 0
             VCPUs-utilisation (MRO): 
                    os-version (MRO): <not in database>
            PV-drivers-version (MRO): <not in database>
         PV-drivers-up-to-date ( RO): <not in database>
                        memory (MRO): <not in database>
                         disks (MRO): <not in database>
                      networks (MRO): <not in database>
                         other (MRO): <not in database>
                          live ( RO): <not in database>
    guest-metrics-last-updated ( RO): <not in database>
                   cooperative ( RO): true
             protection-policy ( RW): <not in database>
         is-snapshot-from-vmpp ( RO): false
                          tags (SRW): 
                     appliance ( RW): <not in database>
                   start-delay ( RW): 0
                shutdown-delay ( RW): 0
                         order ( RW): 0
                       version ( RO): 0


